194.71.87.1 - - [09/Apr/2015 09:07:50] "GET /start?time=-1 HTTP/1.1" 200 -
194.71.87.1 - - [09/Apr/2015 09:07:51] "GET /favicon.ico HTTP/1.1" 200 -
199.19.249.196 - - [09/Apr/2015 09:07:59] "GET /get/live HTTP/1.1" 200 -
Traceback (most recent call last):
  File "/usr/lib/python2.7/SocketServer.py", line 295, in _handle_request_noblock
    self.process_request(request, client_address)
  File "/usr/lib/python2.7/SocketServer.py", line 321, in process_request
    self.finish_request(request, client_address)
  File "/usr/lib/python2.7/SocketServer.py", line 334, in finish_request
    self.RequestHandlerClass(request, client_address, self)
  File "/usr/lib/python2.7/SocketServer.py", line 649, in __init__
    self.handle()
  File "/usr/lib/python2.7/BaseHTTPServer.py", line 340, in handle
    self.handle_one_request()
  File "/usr/lib/python2.7/BaseHTTPServer.py", line 328, in handle_one_request
    method()
  File "/home/pi/Desktop/server/api.py", line 24, in do_GET
    handleGet(self, paths[2], params)
  File "/home/pi/Desktop/server/api.py", line 49, in handleGet
    getLive(socket)
  File "/home/pi/Desktop/server/api.py", line 64, in getLive
    jData = raspcom.getLiveData()
  File "/home/pi/Desktop/server/raspcom.py", line 83, in getLiveData
    returnValue = {'isRunning':isRunning, 'timeLeft':timeLeft, 'energy':latestEnergy}
NameError: global name 'isRunning' is not defined
194.71.87.1 - - [09/Apr/2015 09:07:59] "GET /get/live HTTP/1.1" 200 -
Traceback (most recent call last):
  File "/usr/lib/python2.7/SocketServer.py", line 295, in _handle_request_noblock
    self.process_request(request, client_address)
  File "/usr/lib/python2.7/SocketServer.py", line 321, in process_request
    self.finish_request(request, client_address)
  File "/usr/lib/python2.7/SocketServer.py", line 334, in finish_request
    self.RequestHandlerClass(request, client_address, self)
  File "/usr/lib/python2.7/SocketServer.py", line 649, in __init__
    self.handle()
  File "/usr/lib/python2.7/BaseHTTPServer.py", line 340, in handle
    self.handle_one_request()
  File "/usr/lib/python2.7/BaseHTTPServer.py", line 328, in handle_one_request
    method()
  File "/home/pi/Desktop/server/api.py", line 24, in do_GET
    handleGet(self, paths[2], params)
  File "/home/pi/Desktop/server/api.py", line 49, in handleGet
    getLive(socket)
  File "/home/pi/Desktop/server/api.py", line 64, in getLive
    jData = raspcom.getLiveData()
  File "/home/pi/Desktop/server/raspcom.py", line 83, in getLiveData
    returnValue = {'isRunning':isRunning, 'timeLeft':timeLeft, 'energy':latestEnergy}
NameError: global name 'isRunning' is not defined
194.71.87.1 - - [09/Apr/2015 09:07:59] "GET /favicon.ico HTTP/1.1" 200 -
199.19.249.196 - - [09/Apr/2015 09:08:08] "GET /live HTTP/1.1" 200 -
194.71.87.1 - - [09/Apr/2015 09:08:08] "GET /live HTTP/1.1" 200 -
194.71.87.1 - - [09/Apr/2015 09:08:09] "GET /favicon.ico HTTP/1.1" 200 -
194.71.87.1 - - [09/Apr/2015 09:08:13] "GET /favicon.ico HTTP/1.1" 200 -
